2025-03-31 16:43:42.877 [main] DEBUG io.ktor.server.Application - Java Home: C:\Users\Pitsch\scoop\apps\openjdk11
2025-03-31 16:43:42.879 [main] DEBUG io.ktor.server.Application - Class Loader: jdk.internal.loader.ClassLoaders$AppClassLoader@6e5e91e4: [file:/C:/Users/Pitsch/IdeaProjects/EpicER/frontend/site/.kobweb/server/server.jar!/okio]
2025-03-31 16:43:42.940 [main] WARN  io.ktor.server.Application - API jar specified but does not exist! Please fix conf.yaml, updating the path (or removing the value if you aren't declaring API endpoints). Invalid path: "build\libs\frontend.jar"
2025-03-31 16:43:43.044 [main] INFO  io.ktor.server.Application - Application started in 0.393 seconds.
2025-03-31 16:43:43.389 [main] INFO  io.ktor.server.Application - Responding at http://127.0.0.1:8081
2025-03-31 16:43:55.019 [eventLoopGroupProxy-4-1] DEBUG io.ktor.server.Application - Served fallback index.html file in response to "/"
2025-03-31 16:43:55.761 [DefaultDispatcher-worker-1] DEBUG io.ktor.server.Application - Client connected and is requesting kobweb status events.
2025-03-31 16:45:11.638 [eventLoopGroupProxy-4-2] DEBUG io.ktor.server.Application - Served fallback index.html file in response to "/"
2025-03-31 16:45:12.221 [DefaultDispatcher-worker-3] DEBUG io.ktor.server.Application - Client connected and is requesting kobweb status events.
2025-03-31 16:45:16.447 [eventLoopGroupProxy-4-3] DEBUG io.ktor.server.Application - Served fallback index.html file in response to "/"
2025-03-31 16:45:16.970 [DefaultDispatcher-worker-1] DEBUG io.ktor.server.Application - Client connected and is requesting kobweb status events.
2025-03-31 16:45:29.990 [DefaultDispatcher-worker-1] DEBUG io.ktor.server.Application - Stopped sending kobweb status events, probably because client disconnected or server is shutting down. (IOException: Cannot write to a channel)
2025-03-31 16:45:30.019 [DefaultDispatcher-worker-2] DEBUG io.ktor.server.Application - Stopped sending kobweb status events, probably because client disconnected or server is shutting down. (IOException: Cannot write to a channel)
2025-03-31 16:45:34.761 [eventLoopGroupProxy-4-4] DEBUG io.ktor.server.Application - Served fallback index.html file in response to "/"
2025-03-31 16:45:35.169 [DefaultDispatcher-worker-2] DEBUG io.ktor.server.Application - Client connected and is requesting kobweb status events.
2025-03-31 16:46:01.997 [DefaultDispatcher-worker-1] DEBUG io.ktor.server.Application - Stopped sending kobweb status events, probably because client disconnected or server is shutting down. (IOException: Cannot write to a channel)
2025-03-31 17:49:09.202 [eventLoopGroupProxy-4-6] DEBUG io.ktor.server.Application - Served fallback index.html file in response to "/"
2025-03-31 17:49:09.951 [DefaultDispatcher-worker-1] DEBUG io.ktor.server.Application - Client connected and is requesting kobweb status events.
2025-03-31 17:49:37.324 [DefaultDispatcher-worker-4] DEBUG io.ktor.server.Application - Stopped sending kobweb status events, probably because client disconnected or server is shutting down. (IOException: Cannot write to a channel)
2025-03-31 17:56:50.704 [eventLoopGroupProxy-4-8] DEBUG io.ktor.server.Application - Served fallback index.html file in response to "/"
2025-03-31 17:56:51.520 [DefaultDispatcher-worker-1] DEBUG io.ktor.server.Application - Client connected and is requesting kobweb status events.
2025-03-31 17:57:10.227 [DefaultDispatcher-worker-1] DEBUG io.ktor.server.Application - Stopped sending kobweb status events, probably because client disconnected or server is shutting down. (IOException: Cannot write to a channel)
2025-03-31 18:40:08.090 [DefaultDispatcher-worker-1] DEBUG io.ktor.server.Application - Stopped sending kobweb status events, probably because client disconnected or server is shutting down. (IOException: Cannot write to a channel)
